#
# There is insufficient memory for the Java Runtime Environment to continue.
# Native memory allocation (mmap) failed to map 62914560 bytes for committing reserved memory.
# Possible reasons:
#   The system is out of physical RAM or swap space
#   In 32 bit mode, the process size limit was hit
# Possible solutions:
#   Reduce memory load on the system
#   Increase physical memory or swap space
#   Check if swap backing store is full
#   Use 64 bit Java on a 64 bit OS
#   Decrease Java heap size (-Xmx/-Xms)
#   Decrease number of Java threads
#   Decrease Java thread stack sizes (-Xss)
#   Set larger code cache with -XX:ReservedCodeCacheSize=
# This output file may be truncated or incomplete.
#
#  Out of Memory Error (os_linux.cpp:2627), pid=5063, tid=140561493251840
#
# JRE version: Java(TM) SE Runtime Environment (8.0_91-b14) (build 1.8.0_91-b14)
# Java VM: Java HotSpot(TM) 64-Bit Server VM (25.91-b14 mixed mode linux-amd64 compressed oops)
# Failed to write core dump. Core dumps have been disabled. To enable core dumping, try "ulimit -c unlimited" before starting Java again
#

---------------  T H R E A D  ---------------

Current thread (0x00007fd71c078000):  VMThread [stack: 0x00007fd705cfd000,0x00007fd705dfe000] [id=5072]

Stack: [0x00007fd705cfd000,0x00007fd705dfe000],  sp=0x00007fd705dfc160,  free space=1020k
Native frames: (J=compiled Java code, j=interpreted, Vv=VM code, C=native code)
V  [libjvm.so+0xabc18a]  VMError::report_and_die()+0x2ba
V  [libjvm.so+0x4fafeb]  report_vm_out_of_memory(char const*, int, unsigned long, VMErrorType, char const*)+0x8b
V  [libjvm.so+0x91cbb3]  os::Linux::commit_memory_impl(char*, unsigned long, bool)+0x103
V  [libjvm.so+0x91d109]  os::pd_commit_memory(char*, unsigned long, unsigned long, bool)+0x29
V  [libjvm.so+0x91740a]  os::commit_memory(char*, unsigned long, unsigned long, bool)+0x2a
V  [libjvm.so+0x98b033]  PSVirtualSpace::expand_by(unsigned long)+0x53
V  [libjvm.so+0x98c438]  PSYoungGen::resize_generation(unsigned long, unsigned long)+0xf8
V  [libjvm.so+0x98b592]  PSYoungGen::resize(unsigned long, unsigned long)+0x22
V  [libjvm.so+0x98886b]  PSScavenge::invoke_no_policy()+0xf3b
V  [libjvm.so+0x988ff1]  PSScavenge::invoke()+0x41
V  [libjvm.so+0x9408b0]  ParallelScavengeHeap::failed_mem_allocate(unsigned long)+0x70
V  [libjvm.so+0xabdba7]  VM_ParallelGCFailedAllocation::doit()+0x97
V  [libjvm.so+0xac55d5]  VM_Operation::evaluate()+0x55
V  [libjvm.so+0xac39aa]  VMThread::evaluate_operation(VM_Operation*)+0xba
V  [libjvm.so+0xac3d2e]  VMThread::loop()+0x1ce
V  [libjvm.so+0xac41a0]  VMThread::run()+0x70
V  [libjvm.so+0x91ef78]  java_start(Thread*)+0x108

VM_Operation (0x00007fd7244e29a0): ParallelGCFailedAllocation, mode: safepoint, requested by thread 0x00007fd71c00a000


---------------  P R O C E S S  ---------------

Java Threads: ( => current thread )
  0x00007fd71c0c3800 JavaThread "Service Thread" daemon [_thread_blocked, id=5079, stack(0x00007fd7055bf000,0x00007fd7056c0000)]
  0x00007fd71c0be800 JavaThread "C1 CompilerThread2" daemon [_thread_blocked, id=5078, stack(0x00007fd7056c0000,0x00007fd7057c1000)]
  0x00007fd71c0bd000 JavaThread "C2 CompilerThread1" daemon [_thread_blocked, id=5077, stack(0x00007fd7057c1000,0x00007fd7058c2000)]
  0x00007fd71c0ba000 JavaThread "C2 CompilerThread0" daemon [_thread_blocked, id=5076, stack(0x00007fd7058c2000,0x00007fd7059c3000)]
  0x00007fd71c0b8800 JavaThread "Signal Dispatcher" daemon [_thread_blocked, id=5075, stack(0x00007fd7059c3000,0x00007fd705ac4000)]
  0x00007fd71c084000 JavaThread "Finalizer" daemon [_thread_blocked, id=5074, stack(0x00007fd705afb000,0x00007fd705bfc000)]
  0x00007fd71c07f800 JavaThread "Reference Handler" daemon [_thread_blocked, id=5073, stack(0x00007fd705bfc000,0x00007fd705cfd000)]
  0x00007fd71c00a000 JavaThread "main" [_thread_blocked, id=5065, stack(0x00007fd7243e4000,0x00007fd7244e5000)]

Other Threads:
=>0x00007fd71c078000 VMThread [stack: 0x00007fd705cfd000,0x00007fd705dfe000] [id=5072]
  0x00007fd71c0c6800 WatcherThread [stack: 0x00007fd7054be000,0x00007fd7055bf000] [id=5086]

VM state:at safepoint (normal execution)

VM Mutex/Monitor currently owned by a thread:  ([mutex/lock_event])
[0x00007fd71c006480] Threads_lock - owner thread: 0x00007fd71c078000
[0x00007fd71c006980] Heap_lock - owner thread: 0x00007fd71c00a000

Heap:
 PSYoungGen      total 32768K, used 2016K [0x00000000eab00000, 0x00000000ecd00000, 0x0000000100000000)
  eden space 30720K, 0% used [0x00000000eab00000,0x00000000eab00000,0x00000000ec900000)
  from space 2048K, 98% used [0x00000000ec900000,0x00000000ecaf83d0,0x00000000ecb00000)
  to   space 2048K, 0% used [0x00000000ecb00000,0x00000000ecb00000,0x00000000ecd00000)
 ParOldGen       total 45568K, used 44776K [0x00000000c0000000, 0x00000000c2c80000, 0x00000000eab00000)
  object space 45568K, 98% used [0x00000000c0000000,0x00000000c2bba100,0x00000000c2c80000)
 Metaspace       used 5264K, capacity 6544K, committed 6784K, reserved 1056768K
  class space    used 506K, capacity 584K, committed 640K, reserved 1048576K

Card table byte_map: [0x00007fd720fc3000,0x00007fd7211c4000] byte_map_base: 0x00007fd7209c3000

Marking Bits: (ParMarkBitMap*) 0x00007fd7238d7d60
 Begin Bits: [0x00007fd706000000, 0x00007fd707000000)
 End Bits:   [0x00007fd707000000, 0x00007fd708000000)

Polling page: 0x00007fd724526000

CodeCache: size=245760Kb used=5026Kb max_used=5026Kb free=240733Kb
 bounds [0x00007fd70d000000, 0x00007fd70d4f0000, 0x00007fd71c000000]
 total_blobs=1442 nmethods=1180 adapters=176
 compilation: enabled

Compilation events (10 events):
Event: 7.968 Thread 0x00007fd71c0be800 1215 %     3       java.lang.String::lastIndexOf @ 62 (151 bytes)
Event: 7.968 Thread 0x00007fd71c0be800 nmethod 1215% 0x00007fd70d4e6b10 code [0x00007fd70d4e6cc0, 0x00007fd70d4e72d0]
Event: 7.968 Thread 0x00007fd71c0be800 1216       2       com.android.dx.dex.file.AnnotationsDirectoryItem::setClassAnnotations (45 bytes)
Event: 7.969 Thread 0x00007fd71c0be800 nmethod 1216 0x00007fd70d4e77d0 code [0x00007fd70d4e7960, 0x00007fd70d4e7cc8]
Event: 8.907 Thread 0x00007fd71c0be800 1217       2       com.android.dx.rop.annotation.AnnotationsList::set (11 bytes)
Event: 8.912 Thread 0x00007fd71c0be800 nmethod 1217 0x00007fd70d4e7e90 code [0x00007fd70d4e8060, 0x00007fd70d4e8598]
Event: 8.912 Thread 0x00007fd71c0be800 1218       2       com.android.dx.cf.direct.AnnotationParser::parseAnnotation (214 bytes)
Event: 8.915 Thread 0x00007fd71c0be800 nmethod 1218 0x00007fd70d4e8b90 code [0x00007fd70d4e8f40, 0x00007fd70d4ea248]
Event: 8.915 Thread 0x00007fd71c0be800 1219       2       com.android.dx.rop.annotation.AnnotationsList::get (9 bytes)
Event: 8.915 Thread 0x00007fd71c0be800 nmethod 1219 0x00007fd70d4ebad0 code [0x00007fd70d4ebc40, 0x00007fd70d4ebde8]

GC Heap History (9 events):
Event: 4.025 GC heap before
{Heap before GC invocations=1 (full 0):
 PSYoungGen      total 17408K, used 15360K [0x00000000eab00000, 0x00000000ebe00000, 0x0000000100000000)
  eden space 15360K, 100% used [0x00000000eab00000,0x00000000eba00000,0x00000000eba00000)
  from space 2048K, 0% used [0x00000000ebc00000,0x00000000ebc00000,0x00000000ebe00000)
  to   space 2048K, 0% used [0x00000000eba00000,0x00000000eba00000,0x00000000ebc00000)
 ParOldGen       total 39936K, used 0K [0x00000000c0000000, 0x00000000c2700000, 0x00000000eab00000)
  object space 39936K, 0% used [0x00000000c0000000,0x00000000c0000000,0x00000000c2700000)
 Metaspace       used 5014K, capacity 6416K, committed 6528K, reserved 1056768K
  class space    used 505K, capacity 584K, committed 640K, reserved 1048576K
Event: 4.048 GC heap after
Heap after GC invocations=1 (full 0):
 PSYoungGen      total 17408K, used 2036K [0x00000000eab00000, 0x00000000ebe00000, 0x0000000100000000)
  eden space 15360K, 0% used [0x00000000eab00000,0x00000000eab00000,0x00000000eba00000)
  from space 2048K, 99% used [0x00000000eba00000,0x00000000ebbfd390,0x00000000ebc00000)
  to   space 2048K, 0% used [0x00000000ebc00000,0x00000000ebc00000,0x00000000ebe00000)
 ParOldGen       total 39936K, used 5117K [0x00000000c0000000, 0x00000000c2700000, 0x00000000eab00000)
  object space 39936K, 12% used [0x00000000c0000000,0x00000000c04ff718,0x00000000c2700000)
 Metaspace       used 5014K, capacity 6416K, committed 6528K, reserved 1056768K
  class space    used 505K, capacity 584K, committed 640K, reserved 1048576K
}
Event: 4.390 GC heap before
{Heap before GC invocations=2 (full 0):
 PSYoungGen      total 17408K, used 17396K [0x00000000eab00000, 0x00000000ebe00000, 0x0000000100000000)
  eden space 15360K, 100% used [0x00000000eab00000,0x00000000eba00000,0x00000000eba00000)
  from space 2048K, 99% used [0x00000000eba00000,0x00000000ebbfd390,0x00000000ebc00000)
  to   space 2048K, 0% used [0x00000000ebc00000,0x00000000ebc00000,0x00000000ebe00000)
 ParOldGen       total 39936K, used 5117K [0x00000000c0000000, 0x00000000c2700000, 0x00000000eab00000)
  object space 39936K, 12% used [0x00000000c0000000,0x00000000c04ff718,0x00000000c2700000)
 Metaspace       used 5147K, capacity 6480K, committed 6784K, reserved 1056768K
  class space    used 506K, capacity 584K, committed 640K, reserved 1048576K
Event: 4.422 GC heap after
Heap after GC invocations=2 (full 0):
 PSYoungGen      total 17408K, used 2038K [0x00000000eab00000, 0x00000000ecd00000, 0x0000000100000000)
  eden space 15360K, 0% used [0x00000000eab00000,0x00000000eab00000,0x00000000eba00000)
  from space 2048K, 99% used [0x00000000ebc00000,0x00000000ebdfd970,0x00000000ebe00000)
  to   space 2048K, 0% used [0x00000000eba00000,0x00000000eba00000,0x00000000ebc00000)
 ParOldGen       total 39936K, used 12939K [0x00000000c0000000, 0x00000000c2700000, 0x00000000eab00000)
  object space 39936K, 32% used [0x00000000c0000000,0x00000000c0ca2de0,0x00000000c2700000)
 Metaspace       used 5147K, capacity 6480K, committed 6784K, reserved 1056768K
  class space    used 506K, capacity 584K, committed 640K, reserved 1048576K
}
Event: 4.766 GC heap before
{Heap before GC invocations=3 (full 0):
 PSYoungGen      total 17408K, used 17398K [0x00000000eab00000, 0x00000000ecd00000, 0x0000000100000000)
  eden space 15360K, 100% used [0x00000000eab00000,0x00000000eba00000,0x00000000eba00000)
  from space 2048K, 99% used [0x00000000ebc00000,0x00000000ebdfd970,0x00000000ebe00000)
  to   space 2048K, 0% used [0x00000000eba00000,0x00000000eba00000,0x00000000ebc00000)
 ParOldGen       total 39936K, used 12939K [0x00000000c0000000, 0x00000000c2700000, 0x00000000eab00000)
  object space 39936K, 32% used [0x00000000c0000000,0x00000000c0ca2de0,0x00000000c2700000)
 Metaspace       used 5189K, capacity 6544K, committed 6784K, reserved 1056768K
  class space    used 506K, capacity 584K, committed 640K, reserved 1048576K
Event: 4.805 GC heap after
Heap after GC invocations=3 (full 0):
 PSYoungGen      total 17408K, used 2035K [0x00000000eab00000, 0x00000000ecd00000, 0x0000000100000000)
  eden space 15360K, 0% used [0x00000000eab00000,0x00000000eab00000,0x00000000eba00000)
  from space 2048K, 99% used [0x00000000eba00000,0x00000000ebbfce78,0x00000000ebc00000)
  to   space 2048K, 0% used [0x00000000ecb00000,0x00000000ecb00000,0x00000000ecd00000)
 ParOldGen       total 39936K, used 20668K [0x00000000c0000000, 0x00000000c2700000, 0x00000000eab00000)
  object space 39936K, 51% used [0x00000000c0000000,0x00000000c142f3b8,0x00000000c2700000)
 Metaspace       used 5189K, capacity 6544K, committed 6784K, reserved 1056768K
  class space    used 506K, capacity 584K, committed 640K, reserved 1048576K
}
Event: 5.069 GC heap before
{Heap before GC invocations=4 (full 0):
 PSYoungGen      total 17408K, used 17395K [0x00000000eab00000, 0x00000000ecd00000, 0x0000000100000000)
  eden space 15360K, 100% used [0x00000000eab00000,0x00000000eba00000,0x00000000eba00000)
  from space 2048K, 99% used [0x00000000eba00000,0x00000000ebbfce78,0x00000000ebc00000)
  to   space 2048K, 0% used [0x00000000ecb00000,0x00000000ecb00000,0x00000000ecd00000)
 ParOldGen       total 39936K, used 20668K [0x00000000c0000000, 0x00000000c2700000, 0x00000000eab00000)
  object space 39936K, 51% used [0x00000000c0000000,0x00000000c142f3b8,0x00000000c2700000)
 Metaspace       used 5197K, capacity 6544K, committed 6784K, reserved 1056768K
  class space    used 506K, capacity 584K, committed 640K, reserved 1048576K
Event: 6.026 GC heap after
Heap after GC invocations=4 (full 0):
 PSYoungGen      total 32768K, used 2026K [0x00000000eab00000, 0x00000000ecd00000, 0x0000000100000000)
  eden space 30720K, 0% used [0x00000000eab00000,0x00000000eab00000,0x00000000ec900000)
  from space 2048K, 98% used [0x00000000ecb00000,0x00000000eccfa810,0x00000000ecd00000)
  to   space 2048K, 0% used [0x00000000ec900000,0x00000000ec900000,0x00000000ecb00000)
 ParOldGen       total 39936K, used 28570K [0x00000000c0000000, 0x00000000c2700000, 0x00000000eab00000)
  object space 39936K, 71% used [0x00000000c0000000,0x00000000c1be6b70,0x00000000c2700000)
 Metaspace       used 5197K, capacity 6544K, committed 6784K, reserved 1056768K
  class space    used 506K, capacity 584K, committed 640K, reserved 1048576K
}
Event: 8.959 GC heap before
{Heap before GC invocations=5 (full 0):
 PSYoungGen      total 32768K, used 32746K [0x00000000eab00000, 0x00000000ecd00000, 0x0000000100000000)
  eden space 30720K, 100% used [0x00000000eab00000,0x00000000ec900000,0x00000000ec900000)
  from space 2048K, 98% used [0x00000000ecb00000,0x00000000eccfa810,0x00000000ecd00000)
  to   space 2048K, 0% used [0x00000000ec900000,0x00000000ec900000,0x00000000ecb00000)
 ParOldGen       total 39936K, used 28570K [0x00000000c0000000, 0x00000000c2700000, 0x00000000eab00000)
  object space 39936K, 71% used [0x00000000c0000000,0x00000000c1be6b70,0x00000000c2700000)
 Metaspace       used 5264K, capacity 6544K, committed 6784K, reserved 1056768K
  class space    used 506K, capacity 584K, committed 640K, reserved 1048576K

Deoptimization events (10 events):
Event: 4.310 Thread 0x00007fd71c00a000 Uncommon trap: reason=bimorphic action=maybe_recompile pc=0x00007fd70d3e314c method=com.android.dx.cf.code.BytecodeArray.parseInstruction(ILcom/android/dx/cf/code/BytecodeArray$Visitor;)I @ 907
Event: 4.442 Thread 0x00007fd71c00a000 Uncommon trap: reason=unstable_if action=reinterpret pc=0x00007fd70d38c444 method=com.android.dx.util.IntList.binarysearch(I)I @ 105
Event: 4.512 Thread 0x00007fd71c00a000 Uncommon trap: reason=unstable_if action=reinterpret pc=0x00007fd70d410198 method=com.android.dx.rop.code.RegisterSpec.equals(ILcom/android/dx/rop/type/TypeBearer;Lcom/android/dx/rop/code/LocalItem;)Z @ 42
Event: 4.808 Thread 0x00007fd71c00a000 Uncommon trap: reason=unstable_if action=reinterpret pc=0x00007fd70d292014 method=java.lang.String.<init>([CII)V @ 18
Event: 7.662 Thread 0x00007fd71c00a000 Uncommon trap: reason=class_check action=maybe_recompile pc=0x00007fd70d4b1024 method=com.android.dx.rop.code.RegisterSpec.withSimpleType()Lcom/android/dx/rop/code/RegisterSpec; @ 21
Event: 7.662 Thread 0x00007fd71c00a000 Uncommon trap: reason=class_check action=maybe_recompile pc=0x00007fd70d4b1024 method=com.android.dx.rop.code.RegisterSpec.withSimpleType()Lcom/android/dx/rop/code/RegisterSpec; @ 21
Event: 7.663 Thread 0x00007fd71c00a000 Uncommon trap: reason=class_check action=maybe_recompile pc=0x00007fd70d4b1024 method=com.android.dx.rop.code.RegisterSpec.withSimpleType()Lcom/android/dx/rop/code/RegisterSpec; @ 21
Event: 7.763 Thread 0x00007fd71c00a000 Uncommon trap: reason=bimorphic action=maybe_recompile pc=0x00007fd70d4bfb08 method=com.android.dx.cf.code.BytecodeArray.parseInstruction(ILcom/android/dx/cf/code/BytecodeArray$Visitor;)I @ 1287
Event: 7.763 Thread 0x00007fd71c00a000 Uncommon trap: reason=bimorphic action=maybe_recompile pc=0x00007fd70d4bfb08 method=com.android.dx.cf.code.BytecodeArray.parseInstruction(ILcom/android/dx/cf/code/BytecodeArray$Visitor;)I @ 1287
Event: 7.856 Thread 0x00007fd71c00a000 Uncommon trap: reason=class_check action=maybe_recompile pc=0x00007fd70d4b1024 method=com.android.dx.rop.code.RegisterSpec.withSimpleType()Lcom/android/dx/rop/code/RegisterSpec; @ 21

Internal exceptions (2 events):
Event: 0.090 Thread 0x00007fd71c00a000 Exception <a 'java/lang/NoSuchMethodError': Method sun.misc.Unsafe.defineClass(Ljava/lang/String;[BII)Ljava/lang/Class; name or signature does not match> (0x00000000eab07cc0) thrown at [/HUDSON/workspace/8-2-build-linux-amd64/jdk8u91/6644/hotspot/src/shar
Event: 0.091 Thread 0x00007fd71c00a000 Exception <a 'java/lang/NoSuchMethodError': Method sun.misc.Unsafe.prefetchRead(Ljava/lang/Object;J)V name or signature does not match> (0x00000000eab07fa8) thrown at [/HUDSON/workspace/8-2-build-linux-amd64/jdk8u91/6644/hotspot/src/share/vm/prims/jni.cpp

Events (10 events):
Event: 7.763 Thread 0x00007fd71c00a000 Uncommon trap: trap_request=0xffffffc6 fr.pc=0x00007fd70d4bfb08
Event: 7.763 Thread 0x00007fd71c00a000 DEOPT PACKING pc=0x00007fd70d4bfb08 sp=0x00007fd7244e2970
Event: 7.763 Thread 0x00007fd71c00a000 DEOPT UNPACKING pc=0x00007fd70d005229 sp=0x00007fd7244e2948 mode 2
Event: 7.763 Thread 0x00007fd71c00a000 Uncommon trap: trap_request=0xffffffc6 fr.pc=0x00007fd70d4bfb08
Event: 7.763 Thread 0x00007fd71c00a000 DEOPT PACKING pc=0x00007fd70d4bfb08 sp=0x00007fd7244e27d0
Event: 7.763 Thread 0x00007fd71c00a000 DEOPT UNPACKING pc=0x00007fd70d005229 sp=0x00007fd7244e27a8 mode 2
Event: 7.856 Thread 0x00007fd71c00a000 Uncommon trap: trap_request=0xffffffde fr.pc=0x00007fd70d4b1024
Event: 7.856 Thread 0x00007fd71c00a000 DEOPT PACKING pc=0x00007fd70d4b1024 sp=0x00007fd7244e2d00
Event: 7.856 Thread 0x00007fd71c00a000 DEOPT UNPACKING pc=0x00007fd70d005229 sp=0x00007fd7244e2c98 mode 2
Event: 8.959 Executing VM operation: ParallelGCFailedAllocation


Dynamic libraries:
00400000-00401000 r-xp 00000000 08:03 3025047                            /usr/lib/jdk1.8.0_91/bin/java
00600000-00601000 rw-p 00000000 08:03 3025047                            /usr/lib/jdk1.8.0_91/bin/java
01dbd000-01dde000 rw-p 00000000 00:00 0                                  [heap]
c0000000-c2c80000 rw-p 00000000 00:00 0 
c2c80000-eab00000 ---p 00000000 00:00 0 
eab00000-ecd00000 rw-p 00000000 00:00 0 
f0900000-100000000 ---p 00000000 00:00 0 
100000000-1000a0000 rw-p 00000000 00:00 0 
1000a0000-140000000 ---p 00000000 00:00 0 
7fd6d0000000-7fd6d0021000 rw-p 00000000 00:00 0 
7fd6d0021000-7fd6d4000000 ---p 00000000 00:00 0 
7fd6d4000000-7fd6d4021000 rw-p 00000000 00:00 0 
7fd6d4021000-7fd6d8000000 ---p 00000000 00:00 0 
7fd6d8000000-7fd6d8eb4000 rw-p 00000000 00:00 0 
7fd6d8eb4000-7fd6dc000000 ---p 00000000 00:00 0 
7fd6dc000000-7fd6dc914000 rw-p 00000000 00:00 0 
7fd6dc914000-7fd6e0000000 ---p 00000000 00:00 0 
7fd6e0000000-7fd6e0021000 rw-p 00000000 00:00 0 
7fd6e0021000-7fd6e4000000 ---p 00000000 00:00 0 
7fd6e4000000-7fd6e4cdb000 rw-p 00000000 00:00 0 
7fd6e4cdb000-7fd6e8000000 ---p 00000000 00:00 0 
7fd6e8000000-7fd6e8021000 rw-p 00000000 00:00 0 
7fd6e8021000-7fd6ec000000 ---p 00000000 00:00 0 
7fd6ec000000-7fd6ec021000 rw-p 00000000 00:00 0 
7fd6ec021000-7fd6f0000000 ---p 00000000 00:00 0 
7fd6f0000000-7fd6f0021000 rw-p 00000000 00:00 0 
7fd6f0021000-7fd6f4000000 ---p 00000000 00:00 0 
7fd6f4000000-7fd6f428b000 rw-p 00000000 00:00 0 
7fd6f428b000-7fd6f8000000 ---p 00000000 00:00 0 
7fd6f8000000-7fd6f8021000 rw-p 00000000 00:00 0 
7fd6f8021000-7fd6fc000000 ---p 00000000 00:00 0 
7fd700000000-7fd700021000 rw-p 00000000 00:00 0 
7fd700021000-7fd704000000 ---p 00000000 00:00 0 
7fd7054be000-7fd7054bf000 ---p 00000000 00:00 0 
7fd7054bf000-7fd7055bf000 rw-p 00000000 00:00 0                          [stack:5086]
7fd7055bf000-7fd7055c2000 ---p 00000000 00:00 0 
7fd7055c2000-7fd7056c0000 rw-p 00000000 00:00 0                          [stack:5079]
7fd7056c0000-7fd7056c3000 ---p 00000000 00:00 0 
7fd7056c3000-7fd7057c1000 rw-p 00000000 00:00 0                          [stack:5078]
7fd7057c1000-7fd7057c4000 ---p 00000000 00:00 0 
7fd7057c4000-7fd7058c2000 rw-p 00000000 00:00 0                          [stack:5077]
7fd7058c2000-7fd7058c5000 ---p 00000000 00:00 0 
7fd7058c5000-7fd7059c3000 rw-p 00000000 00:00 0                          [stack:5076]
7fd7059c3000-7fd7059c6000 ---p 00000000 00:00 0 
7fd7059c6000-7fd705ac4000 rw-p 00000000 00:00 0                          [stack:5075]
7fd705ac4000-7fd705afb000 r--p 00000000 08:03 17174464                   /usr/lib64/locale/en_US/LC_CTYPE
7fd705afb000-7fd705afe000 ---p 00000000 00:00 0 
7fd705afe000-7fd705bfc000 rw-p 00000000 00:00 0                          [stack:5074]
7fd705bfc000-7fd705bff000 ---p 00000000 00:00 0 
7fd705bff000-7fd705cfd000 rw-p 00000000 00:00 0                          [stack:5073]
7fd705cfd000-7fd705cfe000 ---p 00000000 00:00 0 
7fd705cfe000-7fd708000000 rw-p 00000000 00:00 0                          [stack:5072]
7fd708000000-7fd708021000 rw-p 00000000 00:00 0 
7fd708021000-7fd70c000000 ---p 00000000 00:00 0 
7fd70c020000-7fd70cdb1000 rw-p 00000000 00:00 0 
7fd70cdb1000-7fd70cf8a000 r--s 03d1f000 08:03 3024836                    /usr/lib/jdk1.8.0_91/jre/lib/rt.jar
7fd70cf8a000-7fd70d000000 rw-p 00000000 00:00 0 
7fd70d000000-7fd70d4f0000 rwxp 00000000 00:00 0 
7fd70d4f0000-7fd71c000000 ---p 00000000 00:00 0 
7fd71c000000-7fd71c39a000 rw-p 00000000 00:00 0 
7fd71c39a000-7fd720000000 ---p 00000000 00:00 0 
7fd72001a000-7fd720669000 rw-p 00000000 00:00 0 
7fd720669000-7fd720869000 ---p 00000000 00:00 0 
7fd720869000-7fd720a69000 rw-p 00000000 00:00 0 
7fd720a69000-7fd720a6a000 ---p 00000000 00:00 0 
7fd720a6a000-7fd720b6a000 rw-p 00000000 00:00 0                          [stack:5071]
7fd720b6a000-7fd720b6b000 ---p 00000000 00:00 0 
7fd720b6b000-7fd720c6b000 rw-p 00000000 00:00 0                          [stack:5070]
7fd720c6b000-7fd720c6c000 ---p 00000000 00:00 0 
7fd720c6c000-7fd720d6c000 rw-p 00000000 00:00 0                          [stack:5069]
7fd720d6c000-7fd720d6d000 ---p 00000000 00:00 0 
7fd720d6d000-7fd720e84000 rw-p 00000000 00:00 0                          [stack:5068]
7fd720e84000-7fd720fc3000 ---p 00000000 00:00 0 
7fd720fc3000-7fd720fda000 rw-p 00000000 00:00 0 
7fd720fda000-7fd721118000 ---p 00000000 00:00 0 
7fd721118000-7fd72112a000 rw-p 00000000 00:00 0 
7fd72112a000-7fd7211c3000 ---p 00000000 00:00 0 
7fd7211c3000-7fd7211d8000 rw-p 00000000 00:00 0 
7fd7211d8000-7fd721584000 ---p 00000000 00:00 0 
7fd721584000-7fd72159e000 r-xp 00000000 08:03 3024848                    /usr/lib/jdk1.8.0_91/jre/lib/amd64/libzip.so
7fd72159e000-7fd72179e000 ---p 0001a000 08:03 3024848                    /usr/lib/jdk1.8.0_91/jre/lib/amd64/libzip.so
7fd72179e000-7fd72179f000 rw-p 0001a000 08:03 3024848                    /usr/lib/jdk1.8.0_91/jre/lib/amd64/libzip.so
7fd72179f000-7fd7217ab000 r-xp 00000000 08:02 786607                     /lib64/libnss_files-2.17.so
7fd7217ab000-7fd7219aa000 ---p 0000c000 08:02 786607                     /lib64/libnss_files-2.17.so
7fd7219aa000-7fd7219ab000 r--p 0000b000 08:02 786607                     /lib64/libnss_files-2.17.so
7fd7219ab000-7fd7219ac000 rw-p 0000c000 08:02 786607                     /lib64/libnss_files-2.17.so
7fd7219ac000-7fd7219b7000 r-xp 00000000 08:02 786608                     /lib64/libnss_nis-2.17.so
7fd7219b7000-7fd721bb6000 ---p 0000b000 08:02 786608                     /lib64/libnss_nis-2.17.so
7fd721bb6000-7fd721bb7000 r--p 0000a000 08:02 786608                     /lib64/libnss_nis-2.17.so
7fd721bb7000-7fd721bb8000 rw-p 0000b000 08:02 786608                     /lib64/libnss_nis-2.17.so
7fd721bb8000-7fd721bcf000 r-xp 00000000 08:02 786604                     /lib64/libnsl-2.17.so
7fd721bcf000-7fd721dce000 ---p 00017000 08:02 786604                     /lib64/libnsl-2.17.so
7fd721dce000-7fd721dcf000 r--p 00016000 08:02 786604                     /lib64/libnsl-2.17.so
7fd721dcf000-7fd721dd0000 rw-p 00017000 08:02 786604                     /lib64/libnsl-2.17.so
7fd721dd0000-7fd721dd2000 rw-p 00000000 00:00 0 
7fd721dd2000-7fd721ddb000 r-xp 00000000 08:02 786605                     /lib64/libnss_compat-2.17.so
7fd721ddb000-7fd721fda000 ---p 00009000 08:02 786605                     /lib64/libnss_compat-2.17.so
7fd721fda000-7fd721fdb000 r--p 00008000 08:02 786605                     /lib64/libnss_compat-2.17.so
7fd721fdb000-7fd721fdc000 rw-p 00009000 08:02 786605                     /lib64/libnss_compat-2.17.so
7fd721fdc000-7fd722006000 r-xp 00000000 08:03 3024847                    /usr/lib/jdk1.8.0_91/jre/lib/amd64/libjava.so
7fd722006000-7fd722206000 ---p 0002a000 08:03 3024847                    /usr/lib/jdk1.8.0_91/jre/lib/amd64/libjava.so
7fd722206000-7fd722208000 rw-p 0002a000 08:03 3024847                    /usr/lib/jdk1.8.0_91/jre/lib/amd64/libjava.so
7fd722208000-7fd722215000 r-xp 00000000 08:03 3024879                    /usr/lib/jdk1.8.0_91/jre/lib/amd64/libverify.so
7fd722215000-7fd722415000 ---p 0000d000 08:03 3024879                    /usr/lib/jdk1.8.0_91/jre/lib/amd64/libverify.so
7fd722415000-7fd722417000 rw-p 0000d000 08:03 3024879                    /usr/lib/jdk1.8.0_91/jre/lib/amd64/libverify.so
7fd722417000-7fd72241e000 r-xp 00000000 08:02 786611                     /lib64/librt-2.17.so
7fd72241e000-7fd72261d000 ---p 00007000 08:02 786611                     /lib64/librt-2.17.so
7fd72261d000-7fd72261e000 r--p 00006000 08:02 786611                     /lib64/librt-2.17.so
7fd72261e000-7fd72261f000 rw-p 00007000 08:02 786611                     /lib64/librt-2.17.so
7fd72261f000-7fd72271f000 r-xp 00000000 08:02 786603                     /lib64/libm-2.17.so
7fd72271f000-7fd72291f000 ---p 00100000 08:02 786603                     /lib64/libm-2.17.so
7fd72291f000-7fd722920000 r--p 00100000 08:02 786603                     /lib64/libm-2.17.so
7fd722920000-7fd722921000 rw-p 00101000 08:02 786603                     /lib64/libm-2.17.so
7fd722921000-7fd7235e1000 r-xp 00000000 08:03 3024862                    /usr/lib/jdk1.8.0_91/jre/lib/amd64/server/libjvm.so
7fd7235e1000-7fd7237e1000 ---p 00cc0000 08:03 3024862                    /usr/lib/jdk1.8.0_91/jre/lib/amd64/server/libjvm.so
7fd7237e1000-7fd7238b9000 rw-p 00cc0000 08:03 3024862                    /usr/lib/jdk1.8.0_91/jre/lib/amd64/server/libjvm.so
7fd7238b9000-7fd723904000 rw-p 00000000 00:00 0 
7fd723904000-7fd723ac3000 r-xp 00000000 08:02 786613                     /lib64/libc-2.17.so
7fd723ac3000-7fd723cc3000 ---p 001bf000 08:02 786613                     /lib64/libc-2.17.so
7fd723cc3000-7fd723cc7000 r--p 001bf000 08:02 786613                     /lib64/libc-2.17.so
7fd723cc7000-7fd723cc9000 rw-p 001c3000 08:02 786613                     /lib64/libc-2.17.so
7fd723cc9000-7fd723cce000 rw-p 00000000 00:00 0 
7fd723cce000-7fd723cd1000 r-xp 00000000 08:02 786614                     /lib64/libdl-2.17.so
7fd723cd1000-7fd723ed0000 ---p 00003000 08:02 786614                     /lib64/libdl-2.17.so
7fd723ed0000-7fd723ed1000 r--p 00002000 08:02 786614                     /lib64/libdl-2.17.so
7fd723ed1000-7fd723ed2000 rw-p 00003000 08:02 786614                     /lib64/libdl-2.17.so
7fd723ed2000-7fd723ee7000 r-xp 00000000 08:03 3152881                    /usr/lib/jdk1.8.0_91/lib/amd64/jli/libjli.so
7fd723ee7000-7fd7240e7000 ---p 00015000 08:03 3152881                    /usr/lib/jdk1.8.0_91/lib/amd64/jli/libjli.so
7fd7240e7000-7fd7240e8000 rw-p 00015000 08:03 3152881                    /usr/lib/jdk1.8.0_91/lib/amd64/jli/libjli.so
7fd7240e8000-7fd7240ff000 r-xp 00000000 08:02 786609                     /lib64/libpthread-2.17.so
7fd7240ff000-7fd7242ff000 ---p 00017000 08:02 786609                     /lib64/libpthread-2.17.so
7fd7242ff000-7fd724300000 r--p 00017000 08:02 786609                     /lib64/libpthread-2.17.so
7fd724300000-7fd724301000 rw-p 00018000 08:02 786609                     /lib64/libpthread-2.17.so
7fd724301000-7fd724305000 rw-p 00000000 00:00 0 
7fd724305000-7fd724328000 r-xp 00000000 08:02 786637                     /lib64/ld-2.17.so
7fd724336000-7fd724340000 r--s 00097000 08:02 6427275                    /root/Desktop/cousera/ACD_AN_Session_6_Code/EmployeeApp/app/build/intermediates/exploded-aar/com.android.support/appcompat-v7/24.0.0/jars/classes.jar
7fd724340000-7fd7243e4000 rw-p 00000000 00:00 0 
7fd7243e4000-7fd7243e7000 ---p 00000000 00:00 0 
7fd7243e7000-7fd7244e9000 rw-p 00000000 00:00 0                          [stack:5065]
7fd7244ef000-7fd7244f0000 rw-p 00000000 00:00 0 
7fd7244f0000-7fd7244ff000 r--s 000dd000 08:03 11141494                   /usr/local/android-sdk/build-tools/22.0.1/lib/dx.jar
7fd7244ff000-7fd724500000 r--p 00000000 08:03 17174495                   /usr/lib64/locale/en_US/LC_NUMERIC
7fd724500000-7fd724501000 r--p 00000000 08:03 17174597                   /usr/lib64/locale/en_US/LC_TIME
7fd724501000-7fd724502000 r--p 00000000 08:03 17174595                   /usr/lib64/locale/en_US/LC_MONETARY
7fd724502000-7fd724503000 r--p 00000000 08:03 17174594                   /usr/lib64/locale/en_US/LC_MESSAGES/SYS_LC_MESSAGES
7fd724503000-7fd724504000 r--p 00000000 08:03 17304442                   /usr/lib64/locale/en_US/LC_PAPER
7fd724504000-7fd724505000 r--p 00000000 08:03 17174492                   /usr/lib64/locale/en_US/LC_NAME
7fd724505000-7fd724506000 r--p 00000000 08:03 17174596                   /usr/lib64/locale/en_US/LC_ADDRESS
7fd724506000-7fd724507000 r--p 00000000 08:03 17174599                   /usr/lib64/locale/en_US/LC_TELEPHONE
7fd724507000-7fd724508000 r--p 00000000 08:03 17304543                   /usr/lib64/locale/en_US/LC_MEASUREMENT
7fd724508000-7fd724509000 r--p 00000000 08:03 17174598                   /usr/lib64/locale/en_US/LC_IDENTIFICATION
7fd724509000-7fd72451d000 rw-p 00000000 00:00 0 
7fd72451d000-7fd724525000 rw-s 00000000 08:02 3936616                    /tmp/hsperfdata_root/5063
7fd724525000-7fd724526000 rw-p 00000000 00:00 0 
7fd724526000-7fd724527000 ---p 00000000 00:00 0 
7fd724527000-7fd724528000 rw-p 00000000 00:00 0 
7fd724528000-7fd724529000 r--p 00023000 08:02 786637                     /lib64/ld-2.17.so
7fd724529000-7fd72452b000 rw-p 00024000 08:02 786637                     /lib64/ld-2.17.so
7fff8d3d8000-7fff8d3fa000 rw-p 00000000 00:00 0                          [stack]
7fff8d3ff000-7fff8d400000 r-xp 00000000 00:00 0                          [vdso]
ffffffffff600000-ffffffffff601000 r-xp 00000000 00:00 0                  [vsyscall]

VM Arguments:
jvm_args: -Djava.awt.headless=true -Xmx1024M -Dfile.encoding=ISO-8859-1 -Duser.country=US -Duser.language=en -Duser.variant 
java_command: com.android.dx.command.Main --dex --force-jumbo --no-optimize --multi-dex --output /root/Desktop/cousera/ACD_AN_Session_6_Code/EmployeeApp/app/build/intermediates/transforms/dex/debug/folders/1000/10/com.android.support-appcompat-v7-24.0.0_b170f0b252b3a0844da3e93a76d509fa66adc881 /root/Desktop/cousera/ACD_AN_Session_6_Code/EmployeeApp/app/build/intermediates/exploded-aar/com.android.support/appcompat-v7/24.0.0/jars/classes.jar
java_class_path (initial): /usr/local/android-sdk/build-tools/22.0.1/lib/dx.jar
Launcher Type: SUN_STANDARD

Environment Variables:
JAVA_HOME=/usr/lib/java
PATH=/root/google-cloud-sdk/bin:/usr/local/sbin:/usr/sbin:/sbin:/usr/local/bin:/usr/bin:/bin:/usr/games:/usr/lib/java/bin:/usr/lib/java/jre/bin:/usr/lib64/kde4/libexec:/usr/lib64/qt/bin:/usr/share/texmf/bin
LD_LIBRARY_PATH=.:
SHELL=/bin/bash
DISPLAY=:0.0

Signal Handlers:
SIGSEGV: [libjvm.so+0xabca10], sa_mask[0]=11111111011111111101111111111110, sa_flags=SA_RESTART|SA_SIGINFO
SIGBUS: [libjvm.so+0xabca10], sa_mask[0]=11111111011111111101111111111110, sa_flags=SA_RESTART|SA_SIGINFO
SIGFPE: [libjvm.so+0x919a20], sa_mask[0]=11111111011111111101111111111110, sa_flags=SA_RESTART|SA_SIGINFO
SIGPIPE: [libjvm.so+0x919a20], sa_mask[0]=11111111011111111101111111111110, sa_flags=SA_RESTART|SA_SIGINFO
SIGXFSZ: [libjvm.so+0x919a20], sa_mask[0]=11111111011111111101111111111110, sa_flags=SA_RESTART|SA_SIGINFO
SIGILL: [libjvm.so+0x919a20], sa_mask[0]=11111111011111111101111111111110, sa_flags=SA_RESTART|SA_SIGINFO
SIGUSR1: SIG_DFL, sa_mask[0]=00000000000000000000000000000000, sa_flags=none
SIGUSR2: [libjvm.so+0x91b050], sa_mask[0]=00100000000000000000000000000000, sa_flags=SA_RESTART|SA_SIGINFO
SIGHUP: [libjvm.so+0x91c450], sa_mask[0]=11111111011111111101111111111110, sa_flags=SA_RESTART|SA_SIGINFO
SIGINT: [libjvm.so+0x91c450], sa_mask[0]=11111111011111111101111111111110, sa_flags=SA_RESTART|SA_SIGINFO
SIGTERM: [libjvm.so+0x91c450], sa_mask[0]=11111111011111111101111111111110, sa_flags=SA_RESTART|SA_SIGINFO
SIGQUIT: [libjvm.so+0x91c450], sa_mask[0]=11111111011111111101111111111110, sa_flags=SA_RESTART|SA_SIGINFO


---------------  S Y S T E M  ---------------

OS:NAME=Slackware
VERSION="14.1"
ID=slackware
VERSION_ID=14.1
PRETTY_NAME="Slackware 14.1"
ANSI_COLOR="0;34"
CPE_NAME="cpe:/o:slackware:slackware_linux:14.1"
HOME_URL="http://slackware.com/"
SUPPORT_URL="http://www.linuxquestions.org/questions/slackware-14/"
BUG_REPORT_URL="http://www.linuxquestions.org/questions/slackware-14/"

uname:Linux 3.10.17 #2 SMP Wed Oct 23 16:34:38 CDT 2013 x86_64
libc:glibc 2.17 NPTL 2.17 
rlimit: STACK 8192k, CORE 0k, NPROC 29324, NOFILE 4096, AS infinity
load average:20.98 7.65 4.25

/proc/meminfo:
MemTotal:        3756188 kB
MemFree:          180344 kB
Buffers:             552 kB
Cached:           196560 kB
SwapCached:        37948 kB
Active:          2726076 kB
Inactive:         714772 kB
Active(anon):    2722856 kB
Inactive(anon):   686968 kB
Active(file):       3220 kB
Inactive(file):    27804 kB
Unevictable:           0 kB
Mlocked:               0 kB
SwapTotal:       2097148 kB
SwapFree:              0 kB
Dirty:                72 kB
Writeback:           764 kB
AnonPages:       3206704 kB
Mapped:            10092 kB
Shmem:            165332 kB
Slab:              54048 kB
SReclaimable:      29740 kB
SUnreclaim:        24308 kB
KernelStack:        4040 kB
PageTables:        27856 kB
NFS_Unstable:          0 kB
Bounce:                0 kB
WritebackTmp:          0 kB
CommitLimit:     3975240 kB
Committed_AS:    7593808 kB
VmallocTotal:   34359738367 kB
VmallocUsed:      359612 kB
VmallocChunk:   34359340472 kB
AnonHugePages:    854016 kB
DirectMap4k:       13412 kB
DirectMap2M:     1798144 kB
DirectMap1G:     2097152 kB


CPU:total 4 (2 cores per cpu, 2 threads per core) family 6 model 60 stepping 3, cmov, cx8, fxsr, mmx, sse, sse2, sse3, ssse3, sse4.1, sse4.2, popcnt, avx, avx2, aes, clmul, erms, rtm, lzcnt, ht, tsc, tscinvbit, bmi1, bmi2

/proc/cpuinfo:
processor	: 0
vendor_id	: GenuineIntel
cpu family	: 6
model		: 60
model name	: Intel(R) Core(TM) i5-4300M CPU @ 2.60GHz
stepping	: 3
microcode	: 0x19
cpu MHz		: 2601.000
cache size	: 3072 KB
physical id	: 0
siblings	: 4
core id		: 0
cpu cores	: 2
apicid		: 0
initial apicid	: 0
fpu		: yes
fpu_exception	: yes
cpuid level	: 13
wp		: yes
flags		: fpu vme de pse tsc msr pae mce cx8 apic sep mtrr pge mca cmov pat pse36 clflush dts acpi mmx fxsr sse sse2 ss ht tm pbe syscall nx pdpe1gb rdtscp lm constant_tsc arch_perfmon pebs bts rep_good nopl xtopology nonstop_tsc aperfmperf eagerfpu pni pclmulqdq dtes64 monitor ds_cpl vmx smx est tm2 ssse3 fma cx16 xtpr pdcm pcid sse4_1 sse4_2 x2apic movbe popcnt tsc_deadline_timer aes xsave avx f16c rdrand lahf_lm abm ida arat epb xsaveopt pln pts dtherm tpr_shadow vnmi flexpriority ept vpid fsgsbase tsc_adjust bmi1 hle avx2 smep bmi2 erms invpcid rtm
bogomips	: 5188.21
clflush size	: 64
cache_alignment	: 64
address sizes	: 39 bits physical, 48 bits virtual
power management:

processor	: 1
vendor_id	: GenuineIntel
cpu family	: 6
model		: 60
model name	: Intel(R) Core(TM) i5-4300M CPU @ 2.60GHz
stepping	: 3
microcode	: 0x19
cpu MHz		: 2601.000
cache size	: 3072 KB
physical id	: 0
siblings	: 4
core id		: 0
cpu cores	: 2
apicid		: 1
initial apicid	: 1
fpu		: yes
fpu_exception	: yes
cpuid level	: 13
wp		: yes
flags		: fpu vme de pse tsc msr pae mce cx8 apic sep mtrr pge mca cmov pat pse36 clflush dts acpi mmx fxsr sse sse2 ss ht tm pbe syscall nx pdpe1gb rdtscp lm constant_tsc arch_perfmon pebs bts rep_good nopl xtopology nonstop_tsc aperfmperf eagerfpu pni pclmulqdq dtes64 monitor ds_cpl vmx smx est tm2 ssse3 fma cx16 xtpr pdcm pcid sse4_1 sse4_2 x2apic movbe popcnt tsc_deadline_timer aes xsave avx f16c rdrand lahf_lm abm ida arat epb xsaveopt pln pts dtherm tpr_shadow vnmi flexpriority ept vpid fsgsbase tsc_adjust bmi1 hle avx2 smep bmi2 erms invpcid rtm
bogomips	: 5188.21
clflush size	: 64
cache_alignment	: 64
address sizes	: 39 bits physical, 48 bits virtual
power management:

processor	: 2
vendor_id	: GenuineIntel
cpu family	: 6
model		: 60
model name	: Intel(R) Core(TM) i5-4300M CPU @ 2.60GHz
stepping	: 3
microcode	: 0x19
cpu MHz		: 2601.000
cache size	: 3072 KB
physical id	: 0
siblings	: 4
core id		: 1
cpu cores	: 2
apicid		: 2
initial apicid	: 2
fpu		: yes
fpu_exception	: yes
cpuid level	: 13
wp		: yes
flags		: fpu vme de pse tsc msr pae mce cx8 apic sep mtrr pge mca cmov pat pse36 clflush dts acpi mmx fxsr sse sse2 ss ht tm pbe syscall nx pdpe1gb rdtscp lm constant_tsc arch_perfmon pebs bts rep_good nopl xtopology nonstop_tsc aperfmperf eagerfpu pni pclmulqdq dtes64 monitor ds_cpl vmx smx est tm2 ssse3 fma cx16 xtpr pdcm pcid sse4_1 sse4_2 x2apic movbe popcnt tsc_deadline_timer aes xsave avx f16c rdrand lahf_lm abm ida arat epb xsaveopt pln pts dtherm tpr_shadow vnmi flexpriority ept vpid fsgsbase tsc_adjust bmi1 hle avx2 smep bmi2 erms invpcid rtm
bogomips	: 5188.21
clflush size	: 64
cache_alignment	: 64
address sizes	: 39 bits physical, 48 bits virtual
power management:

processor	: 3
vendor_id	: GenuineIntel
cpu family	: 6
model		: 60
model name	: Intel(R) Core(TM) i5-4300M CPU @ 2.60GHz
stepping	: 3
microcode	: 0x19
cpu MHz		: 800.000
cache size	: 3072 KB
physical id	: 0
siblings	: 4
core id		: 1
cpu cores	: 2
apicid		: 3
initial apicid	: 3
fpu		: yes
fpu_exception	: yes
cpuid level	: 13
wp		: yes
flags		: fpu vme de pse tsc msr pae mce cx8 apic sep mtrr pge mca cmov pat pse36 clflush dts acpi mmx fxsr sse sse2 ss ht tm pbe syscall nx pdpe1gb rdtscp lm constant_tsc arch_perfmon pebs bts rep_good nopl xtopology nonstop_tsc aperfmperf eagerfpu pni pclmulqdq dtes64 monitor ds_cpl vmx smx est tm2 ssse3 fma cx16 xtpr pdcm pcid sse4_1 sse4_2 x2apic movbe popcnt tsc_deadline_timer aes xsave avx f16c rdrand lahf_lm abm ida arat epb xsaveopt pln pts dtherm tpr_shadow vnmi flexpriority ept vpid fsgsbase tsc_adjust bmi1 hle avx2 smep bmi2 erms invpcid rtm
bogomips	: 5188.21
clflush size	: 64
cache_alignment	: 64
address sizes	: 39 bits physical, 48 bits virtual
power management:



Memory: 4k page, physical 3756188k(180344k free), swap 2097148k(0k free)

vm_info: Java HotSpot(TM) 64-Bit Server VM (25.91-b14) for linux-amd64 JRE (1.8.0_91-b14), built on Apr  1 2016 00:57:21 by "java_re" with gcc 4.3.0 20080428 (Red Hat 4.3.0-8)

time: Mon Jul 18 22:38:23 2016
elapsed time: 72 seconds (0d 0h 1m 12s)

